mode: set
github.com/Koshsky/task-6/internal/wifi/wi-fi.go:16.33,18.2 1 1
github.com/Koshsky/task-6/internal/wifi/wi-fi.go:20.71,22.16 2 1
github.com/Koshsky/task-6/internal/wifi/wi-fi.go:22.16,24.3 1 1
github.com/Koshsky/task-6/internal/wifi/wi-fi.go:25.2,27.35 2 1
github.com/Koshsky/task-6/internal/wifi/wi-fi.go:27.35,29.3 1 1
github.com/Koshsky/task-6/internal/wifi/wi-fi.go:31.2,31.19 1 1
github.com/Koshsky/task-6/internal/wifi/wi-fi.go:34.57,36.16 2 1
github.com/Koshsky/task-6/internal/wifi/wi-fi.go:36.16,38.3 1 1
github.com/Koshsky/task-6/internal/wifi/wi-fi.go:39.2,41.35 2 1
github.com/Koshsky/task-6/internal/wifi/wi-fi.go:41.35,43.3 1 1
github.com/Koshsky/task-6/internal/wifi/wi-fi.go:44.2,44.23 1 1
