mode: set
task-6/cmd/db/main.go:13.13,17.16 3 0
task-6/cmd/db/main.go:17.16,19.3 1 0
task-6/cmd/db/main.go:20.2,25.16 4 0
task-6/cmd/db/main.go:25.16,29.3 2 0
task-6/cmd/db/main.go:31.2,31.29 1 0
task-6/cmd/db/main.go:31.29,33.3 1 0
task-6/cmd/wifi/main.go:11.13,13.16 2 0
task-6/cmd/wifi/main.go:13.16,17.3 2 0
task-6/cmd/wifi/main.go:19.2,22.16 3 0
task-6/cmd/wifi/main.go:22.16,26.3 2 0
task-6/cmd/wifi/main.go:28.2,28.29 1 0
task-6/cmd/wifi/main.go:28.29,30.3 1 0
task-6/cmd/db/main.go:13.13,17.16 3 0
task-6/cmd/db/main.go:17.16,19.3 1 0
task-6/cmd/db/main.go:20.2,25.16 4 0
task-6/cmd/db/main.go:25.16,29.3 2 0
task-6/cmd/db/main.go:31.2,31.29 1 0
task-6/cmd/db/main.go:31.29,33.3 1 0
task-6/cmd/wifi/main.go:11.13,13.16 2 0
task-6/cmd/wifi/main.go:13.16,17.3 2 0
task-6/cmd/wifi/main.go:19.2,22.16 3 0
task-6/cmd/wifi/main.go:22.16,26.3 2 0
task-6/cmd/wifi/main.go:28.2,28.29 1 0
task-6/cmd/wifi/main.go:28.29,30.3 1 0
task-6/internal/db/db_functions.go:16.31,18.2 1 0
task-6/internal/db/db_functions.go:20.53,24.16 3 0
task-6/internal/db/db_functions.go:24.16,26.3 1 0
task-6/internal/db/db_functions.go:27.2,31.18 3 0
task-6/internal/db/db_functions.go:31.18,33.41 2 0
task-6/internal/db/db_functions.go:33.41,35.4 1 0
task-6/internal/db/db_functions.go:37.3,37.30 1 0
task-6/internal/db/db_functions.go:40.2,40.34 1 0
task-6/internal/db/db_functions.go:40.34,42.3 1 0
task-6/internal/db/db_functions.go:44.2,44.19 1 0
task-6/internal/db/db_functions.go:47.98,53.16 4 0
task-6/internal/db/db_functions.go:53.16,55.3 1 0
task-6/internal/db/db_functions.go:57.2,61.18 3 0
task-6/internal/db/db_functions.go:61.18,63.42 2 0
task-6/internal/db/db_functions.go:63.42,65.4 1 0
task-6/internal/db/db_functions.go:67.3,67.33 1 0
task-6/internal/db/db_functions.go:70.2,70.34 1 0
task-6/internal/db/db_functions.go:70.34,72.3 1 0
task-6/internal/db/db_functions.go:74.2,74.20 1 0
task-6/internal/wifi/wi-fi.go:18.29,20.2 1 1
task-6/internal/wifi/wi-fi.go:22.67,24.16 2 1
task-6/internal/wifi/wi-fi.go:24.16,26.3 1 1
task-6/internal/wifi/wi-fi.go:28.2,29.35 2 1
task-6/internal/wifi/wi-fi.go:29.35,31.3 1 1
task-6/internal/wifi/wi-fi.go:33.2,33.19 1 1
task-6/internal/wifi/wi-fi.go:36.53,38.16 2 1
task-6/internal/wifi/wi-fi.go:38.16,40.3 1 1
task-6/internal/wifi/wi-fi.go:42.2,43.35 2 1
task-6/internal/wifi/wi-fi.go:43.35,45.3 1 1
task-6/internal/wifi/wi-fi.go:47.2,47.22 1 1
task-6/cmd/db/main.go:13.13,17.16 3 0
task-6/cmd/db/main.go:17.16,19.3 1 0
task-6/cmd/db/main.go:20.2,25.16 4 0
task-6/cmd/db/main.go:25.16,29.3 2 0
task-6/cmd/db/main.go:31.2,31.29 1 0
task-6/cmd/db/main.go:31.29,33.3 1 0
task-6/cmd/wifi/main.go:11.13,13.16 2 0
task-6/cmd/wifi/main.go:13.16,17.3 2 0
task-6/cmd/wifi/main.go:19.2,22.16 3 0
task-6/cmd/wifi/main.go:22.16,26.3 2 0
task-6/cmd/wifi/main.go:28.2,28.29 1 0
task-6/cmd/wifi/main.go:28.29,30.3 1 0
task-6/internal/db/db_functions.go:16.31,18.2 1 1
task-6/internal/db/db_functions.go:20.53,24.16 3 1
task-6/internal/db/db_functions.go:24.16,26.3 1 1
task-6/internal/db/db_functions.go:27.2,31.18 3 1
task-6/internal/db/db_functions.go:31.18,33.41 2 1
task-6/internal/db/db_functions.go:33.41,35.4 1 1
task-6/internal/db/db_functions.go:37.3,37.30 1 1
task-6/internal/db/db_functions.go:40.2,40.34 1 1
task-6/internal/db/db_functions.go:40.34,42.3 1 1
task-6/internal/db/db_functions.go:44.2,44.19 1 1
task-6/internal/db/db_functions.go:47.98,53.16 4 1
task-6/internal/db/db_functions.go:53.16,55.3 1 1
task-6/internal/db/db_functions.go:57.2,61.18 3 1
task-6/internal/db/db_functions.go:61.18,63.42 2 1
task-6/internal/db/db_functions.go:63.42,65.4 1 1
task-6/internal/db/db_functions.go:67.3,67.33 1 1
task-6/internal/db/db_functions.go:70.2,70.34 1 1
task-6/internal/db/db_functions.go:70.34,72.3 1 1
task-6/internal/db/db_functions.go:74.2,74.20 1 1
task-6/internal/wifi/wi-fi.go:18.29,20.2 1 0
task-6/internal/wifi/wi-fi.go:22.67,24.16 2 0
task-6/internal/wifi/wi-fi.go:24.16,26.3 1 0
task-6/internal/wifi/wi-fi.go:28.2,29.35 2 0
task-6/internal/wifi/wi-fi.go:29.35,31.3 1 0
task-6/internal/wifi/wi-fi.go:33.2,33.19 1 0
task-6/internal/wifi/wi-fi.go:36.53,38.16 2 0
task-6/internal/wifi/wi-fi.go:38.16,40.3 1 0
task-6/internal/wifi/wi-fi.go:42.2,43.35 2 0
task-6/internal/wifi/wi-fi.go:43.35,45.3 1 0
task-6/internal/wifi/wi-fi.go:47.2,47.22 1 0