mode: set
github.com/Koshsky/task-6/internal/db/db_functions.go:16.33,18.2 1 1
github.com/Koshsky/task-6/internal/db/db_functions.go:20.55,24.16 3 1
github.com/Koshsky/task-6/internal/db/db_functions.go:24.16,26.3 1 1
github.com/Koshsky/task-6/internal/db/db_functions.go:27.2,31.18 3 1
github.com/Koshsky/task-6/internal/db/db_functions.go:31.18,33.42 2 1
github.com/Koshsky/task-6/internal/db/db_functions.go:33.42,35.4 1 0
github.com/Koshsky/task-6/internal/db/db_functions.go:36.3,36.30 1 1
github.com/Koshsky/task-6/internal/db/db_functions.go:39.2,39.35 1 1
github.com/Koshsky/task-6/internal/db/db_functions.go:39.35,41.3 1 0
github.com/Koshsky/task-6/internal/db/db_functions.go:43.2,43.19 1 1
github.com/Koshsky/task-6/internal/db/db_functions.go:46.100,49.16 3 1
github.com/Koshsky/task-6/internal/db/db_functions.go:49.16,51.3 1 1
github.com/Koshsky/task-6/internal/db/db_functions.go:52.2,56.18 3 1
github.com/Koshsky/task-6/internal/db/db_functions.go:56.18,58.43 2 1
github.com/Koshsky/task-6/internal/db/db_functions.go:58.43,60.4 1 0
github.com/Koshsky/task-6/internal/db/db_functions.go:61.3,61.33 1 1
github.com/Koshsky/task-6/internal/db/db_functions.go:64.2,64.35 1 1
github.com/Koshsky/task-6/internal/db/db_functions.go:64.35,66.3 1 0
github.com/Koshsky/task-6/internal/db/db_functions.go:68.2,68.20 1 1
